<?xml version="1.0" encoding="UTF-8"?>
<!-- Generated by org.testng.reporters.JUnitReportReporter -->
<testsuite hostname="Sindhuris-MacBook-Pro.local" name="com.twinerestapi.com.twine.DemoTest" tests="7" failures="0" timestamp="4 Sep 2017 00:31:28 GMT" time="6.782" errors="0">
  <testcase name="checkResponseOfTheFirstEmail" time="0.615" classname="com.twinerestapi.com.twine.DemoTest"/>
  <testcase name="checkResponseCodeForCorrectRequest" time="0.617" classname="com.twinerestapi.com.twine.DemoTest"/>
  <testcase name="checkResponseContentTypeJson" time="0.560" classname="com.twinerestapi.com.twine.DemoTest"/>
  <testcase name="checkResponseAfterPut" time="3.115" classname="com.twinerestapi.com.twine.DemoTest"/>
  <testcase name="testReponseBody" time="0.609" classname="com.twinerestapi.com.twine.DemoTest"/>
  <testcase name="testReponseElements" time="0.602" classname="com.twinerestapi.com.twine.DemoTest"/>
  <testcase name="checkResponseCodeForIncorrectRequest" time="0.664" classname="com.twinerestapi.com.twine.DemoTest"/>
</testsuite> <!-- com.twinerestapi.com.twine.DemoTest -->
