<?xml version="1.0" encoding="UTF-8"?>
<!-- Generated by org.testng.reporters.JUnitReportReporter -->
<testsuite hostname="Sindhuris-MacBook-Pro.local" name="com.twinerestapi.com.twine.DemoApp" tests="14" failures="0" timestamp="5 Sep 2017 02:14:36 GMT" time="12.745" errors="0">
  <testcase name="checkResponseCodeForCorrectPutRequest" time="0.585" classname="com.twinerestapi.com.twine.DemoApp"/>
  <testcase name="checkPutReponseElements" time="0.593" classname="com.twinerestapi.com.twine.DemoApp"/>
  <testcase name="checkPutReponseBody" time="0.589" classname="com.twinerestapi.com.twine.DemoApp"/>
  <testcase name="checkGetReponseElements" time="1.402" classname="com.twinerestapi.com.twine.DemoApp"/>
  <testcase name="checkResponseCodeForCorrectGetRequest" time="0.626" classname="com.twinerestapi.com.twine.DemoApp"/>
  <testcase name="checkResponseCodeForIncorrectGetRequest" time="0.613" classname="com.twinerestapi.com.twine.DemoApp"/>
  <testcase name="checkGetResponseOfTheFirstEmail" time="0.707" classname="com.twinerestapi.com.twine.DemoApp"/>
  <testcase name="checkResponseOfTheEmailAfterTheUpdate" time="0.591" classname="com.twinerestapi.com.twine.DemoApp"/>
  <testcase name="checkGetResponseContentTypeJson" time="0.779" classname="com.twinerestapi.com.twine.DemoApp"/>
  <testcase name="checkGetReponseBody" time="0.889" classname="com.twinerestapi.com.twine.DemoApp"/>
  <testcase name="checkPutResponseContentTypeJson" time="0.914" classname="com.twinerestapi.com.twine.DemoApp"/>
  <testcase name="checkGetAPIResponseTime" time="3.220" classname="com.twinerestapi.com.twine.DemoApp"/>
  <testcase name="checkResponseCodeForIncorrectPutRequest" time="0.608" classname="com.twinerestapi.com.twine.DemoApp"/>
  <testcase name="checkPutAPIResponseTime" time="0.629" classname="com.twinerestapi.com.twine.DemoApp"/>
</testsuite> <!-- com.twinerestapi.com.twine.DemoApp -->
